-------------------------------------------------------------------------------
Test set: exercises.WireMockExercises3Test
-------------------------------------------------------------------------------
Tests run: 1, Failures: 1, Errors: 0, Skipped: 0, Time elapsed: 0.107 s <<< FAILURE! - in exercises.WireMockExercises3Test
exercises.WireMockExercises3Test.testExercise301  Time elapsed: 0.084 s  <<< FAILURE!
java.lang.AssertionError: 
1 expectation failed.
Expected status code <201> but was <404>.

	at exercises.WireMockExercises3Test.testExercise301(WireMockExercises3Test.java:66)

