-------------------------------------------------------------------------------
Test set: exercises.WireMockExercises6dot1Test
-------------------------------------------------------------------------------
Tests run: 2, Failures: 2, Errors: 0, Skipped: 0, Time elapsed: 0.101 s <<< FAILURE! - in exercises.WireMockExercises6dot1Test
exercises.WireMockExercises6dot1Test.callWireMockWithIncorrectCredentials_checkStatusCodeEquals401  Time elapsed: 0.058 s  <<< FAILURE!
java.lang.AssertionError: 
1 expectation failed.
Expected status code <401> but was <500>.

	at exercises.WireMockExercises6dot1Test.callWireMockWithIncorrectCredentials_checkStatusCodeEquals401(WireMockExercises6dot1Test.java:86)

exercises.WireMockExercises6dot1Test.callWireMockWithCorrectCredentials_checkStatusCodeEquals200  Time elapsed: 0.021 s  <<< FAILURE!
java.lang.AssertionError: 
1 expectation failed.
Expected status code <200> but was <500>.

	at exercises.WireMockExercises6dot1Test.callWireMockWithCorrectCredentials_checkStatusCodeEquals200(WireMockExercises6dot1Test.java:63)

